0 info it worked if it ends with ok
1 verbose cli [ '/home/ubuntu/.nvm/v0.10.35/bin/node',
1 verbose cli   '/home/ubuntu/.nvm/v0.10.35/bin/npm',
1 verbose cli   'install',
1 verbose cli   '--save',
1 verbose cli   'mongoose-auto-increment' ]
2 info using npm@1.4.28
3 info using node@v0.10.35
4 warn package.json MMCPS@0.0.1 No README data
5 warn package.json crypto@0.0.3 crypto is also the name of a node core module.
6 verbose readDependencies using package.json deps
7 verbose cache add [ 'mongoose-auto-increment@^4.0.0', null ]
8 verbose cache add name=undefined spec="mongoose-auto-increment@^4.0.0" args=["mongoose-auto-increment@^4.0.0",null]
9 verbose parsed url { protocol: null,
9 verbose parsed url   slashes: null,
9 verbose parsed url   auth: null,
9 verbose parsed url   host: null,
9 verbose parsed url   port: null,
9 verbose parsed url   hostname: null,
9 verbose parsed url   hash: null,
9 verbose parsed url   search: null,
9 verbose parsed url   query: null,
9 verbose parsed url   pathname: 'mongoose-auto-increment@^4.0.0',
9 verbose parsed url   path: 'mongoose-auto-increment@^4.0.0',
9 verbose parsed url   href: 'mongoose-auto-increment@^4.0.0' }
10 verbose cache add name="mongoose-auto-increment" spec="^4.0.0" args=["mongoose-auto-increment","^4.0.0"]
11 verbose parsed url { protocol: null,
11 verbose parsed url   slashes: null,
11 verbose parsed url   auth: null,
11 verbose parsed url   host: null,
11 verbose parsed url   port: null,
11 verbose parsed url   hostname: null,
11 verbose parsed url   hash: null,
11 verbose parsed url   search: null,
11 verbose parsed url   query: null,
11 verbose parsed url   pathname: '^4.0.0',
11 verbose parsed url   path: '^4.0.0',
11 verbose parsed url   href: '^4.0.0' }
12 verbose addNamed [ 'mongoose-auto-increment', '^4.0.0' ]
13 verbose addNamed [ null, '>=4.0.0-0 <5.0.0-0' ]
14 silly lockFile 3e752126-mongoose-auto-increment-4-0-0 mongoose-auto-increment@^4.0.0
15 verbose lock mongoose-auto-increment@^4.0.0 /home/ubuntu/.npm/3e752126-mongoose-auto-increment-4-0-0.lock
16 silly addNameRange { name: 'mongoose-auto-increment',
16 silly addNameRange   range: '>=4.0.0-0 <5.0.0-0',
16 silly addNameRange   hasData: false }
17 verbose request where is /mongoose-auto-increment
18 verbose request registry https://registry.npmjs.org/
19 verbose request id 03953469e74767ea
20 verbose url raw /mongoose-auto-increment
21 verbose url resolving [ 'https://registry.npmjs.org/', './mongoose-auto-increment' ]
22 verbose url resolved https://registry.npmjs.org/mongoose-auto-increment
23 verbose request where is https://registry.npmjs.org/mongoose-auto-increment
24 info trying registry request attempt 1 at 12:48:35
25 verbose etag "CTD4EK3UDH1W8N4ENOFCNPG58"
26 http GET https://registry.npmjs.org/mongoose-auto-increment
27 http 304 https://registry.npmjs.org/mongoose-auto-increment
28 silly registry.get cb [ 304,
28 silly registry.get   { date: 'Fri, 25 Sep 2015 12:48:35 GMT',
28 silly registry.get     via: '1.1 varnish',
28 silly registry.get     'cache-control': 'max-age=60',
28 silly registry.get     etag: '"CTD4EK3UDH1W8N4ENOFCNPG58"',
28 silly registry.get     age: '0',
28 silly registry.get     connection: 'keep-alive',
28 silly registry.get     'x-served-by': 'cache-fra1245-FRA',
28 silly registry.get     'x-cache': 'HIT',
28 silly registry.get     'x-cache-hits': '1',
28 silly registry.get     'x-timer': 'S1443185315.454350,VS0,VE180',
28 silly registry.get     vary: 'Accept' } ]
29 verbose etag https://registry.npmjs.org/mongoose-auto-increment from cache
30 silly addNameRange number 2 { name: 'mongoose-auto-increment',
30 silly addNameRange   range: '>=4.0.0-0 <5.0.0-0',
30 silly addNameRange   hasData: true }
31 silly addNameRange versions [ 'mongoose-auto-increment',
31 silly addNameRange   [ '1.0.0',
31 silly addNameRange     '1.0.1',
31 silly addNameRange     '1.1.0',
31 silly addNameRange     '1.2.0',
31 silly addNameRange     '1.1.1',
31 silly addNameRange     '1.2.1',
31 silly addNameRange     '1.2.2',
31 silly addNameRange     '1.2.3',
31 silly addNameRange     '1.3.0',
31 silly addNameRange     '1.3.1',
31 silly addNameRange     '2.0.0',
31 silly addNameRange     '2.0.1',
31 silly addNameRange     '2.0.2',
31 silly addNameRange     '2.0.3',
31 silly addNameRange     '2.0.4',
31 silly addNameRange     '2.1.0',
31 silly addNameRange     '2.1.1',
31 silly addNameRange     '2.1.2',
31 silly addNameRange     '2.1.3',
31 silly addNameRange     '2.1.4',
31 silly addNameRange     '3.0.0',
31 silly addNameRange     '3.0.1',
31 silly addNameRange     '3.0.2',
31 silly addNameRange     '3.0.3',
31 silly addNameRange     '3.0.4',
31 silly addNameRange     '3.0.5',
31 silly addNameRange     '3.0.6',
31 silly addNameRange     '3.0.7',
31 silly addNameRange     '3.0.8',
31 silly addNameRange     '3.1.0',
31 silly addNameRange     '3.2.0',
31 silly addNameRange     '3.2.2',
31 silly addNameRange     '3.2.3',
31 silly addNameRange     '4.0.0',
31 silly addNameRange     '3.2.4' ] ]
32 verbose addNamed [ 'mongoose-auto-increment', '4.0.0' ]
33 verbose addNamed [ '4.0.0', '4.0.0' ]
34 silly lockFile d4c52210-mongoose-auto-increment-4-0-0 mongoose-auto-increment@4.0.0
35 verbose lock mongoose-auto-increment@4.0.0 /home/ubuntu/.npm/d4c52210-mongoose-auto-increment-4-0-0.lock
36 silly lockFile d4c52210-mongoose-auto-increment-4-0-0 mongoose-auto-increment@4.0.0
37 silly lockFile d4c52210-mongoose-auto-increment-4-0-0 mongoose-auto-increment@4.0.0
38 silly lockFile 3e752126-mongoose-auto-increment-4-0-0 mongoose-auto-increment@^4.0.0
39 silly lockFile 3e752126-mongoose-auto-increment-4-0-0 mongoose-auto-increment@^4.0.0
40 silly resolved [ { name: 'mongoose-auto-increment',
40 silly resolved     version: '4.0.0',
40 silly resolved     description: 'This plugin allows you to auto-increment any field on any mongoose schema that you wish.',
40 silly resolved     repository:
40 silly resolved      { type: 'git',
40 silly resolved        url: 'git://github.com/codetunnel/mongoose-auto-increment.git' },
40 silly resolved     dependencies: { extend: '^2.0.0' },
40 silly resolved     peerDependencies: { mongoose: '~4.0.0' },
40 silly resolved     devDependencies: { async: '*', chai: '*', mocha: '*', mongoose: '~4.0.0' },
40 silly resolved     keywords:
40 silly resolved      [ 'mongoose',
40 silly resolved        'plugin',
40 silly resolved        'auto-increment',
40 silly resolved        'auto',
40 silly resolved        'increment',
40 silly resolved        'automatic',
40 silly resolved        'autoincrement',
40 silly resolved        'auto_increment',
40 silly resolved        'autoinc',
40 silly resolved        'auto-inc',
40 silly resolved        'auto_inc',
40 silly resolved        'pureautoinc',
40 silly resolved        'mongoose-pureautoinc' ],
40 silly resolved     author:
40 silly resolved      { name: 'Alex Ford',
40 silly resolved        email: 'alex.ford@codetunnel.com',
40 silly resolved        url: 'Chevex' },
40 silly resolved     contributors: [ [Object], [Object], [Object], [Object] ],
40 silly resolved     scripts: { test: 'node_modules/mocha/bin/mocha' },
40 silly resolved     bugs: { url: 'https://github.com/codetunnel/mongoose-auto-increment/issues' },
40 silly resolved     gitHead: '7b36fc6ef64eee3ac85bd086b208eaaf986d99f5',
40 silly resolved     homepage: 'https://github.com/codetunnel/mongoose-auto-increment',
40 silly resolved     _id: 'mongoose-auto-increment@4.0.0',
40 silly resolved     _shasum: '86531b5b07a434fa88ba0c04694c214230b435cc',
40 silly resolved     _from: 'mongoose-auto-increment@^4.0.0',
40 silly resolved     _npmVersion: '2.6.1',
40 silly resolved     _nodeVersion: '0.12.0',
40 silly resolved     _npmUser: { name: 'chevex', email: 'alex.ford@codetunnel.com' },
40 silly resolved     maintainers: [ [Object] ],
40 silly resolved     dist:
40 silly resolved      { shasum: '86531b5b07a434fa88ba0c04694c214230b435cc',
40 silly resolved        tarball: 'http://registry.npmjs.org/mongoose-auto-increment/-/mongoose-auto-increment-4.0.0.tgz' },
40 silly resolved     directories: {},
40 silly resolved     _resolved: 'https://registry.npmjs.org/mongoose-auto-increment/-/mongoose-auto-increment-4.0.0.tgz',
40 silly resolved     readme: 'ERROR: No README data found!' } ]
41 info install mongoose-auto-increment@4.0.0 into /home/ubuntu/workspace/server
42 info installOne mongoose-auto-increment@4.0.0
43 verbose node_modules/mongoose-auto-increment unbuild
44 info preuninstall mongoose-auto-increment@4.0.0
45 info uninstall mongoose-auto-increment@4.0.0
46 verbose true,/home/ubuntu/workspace/server/node_modules,/home/ubuntu/workspace/server/node_modules unbuild mongoose-auto-increment@4.0.0
47 info postuninstall mongoose-auto-increment@4.0.0
48 verbose tar unpack /home/ubuntu/.npm/mongoose-auto-increment/4.0.0/package.tgz
49 silly lockFile 7f952a4e--modules-mongoose-auto-increment tar:///home/ubuntu/workspace/server/node_modules/mongoose-auto-increment
50 verbose lock tar:///home/ubuntu/workspace/server/node_modules/mongoose-auto-increment /home/ubuntu/.npm/7f952a4e--modules-mongoose-auto-increment.lock
51 silly lockFile 0fc10d34-auto-increment-4-0-0-package-tgz tar:///home/ubuntu/.npm/mongoose-auto-increment/4.0.0/package.tgz
52 verbose lock tar:///home/ubuntu/.npm/mongoose-auto-increment/4.0.0/package.tgz /home/ubuntu/.npm/0fc10d34-auto-increment-4-0-0-package-tgz.lock
53 silly gunzTarPerm modes [ '755', '644' ]
54 silly gunzTarPerm extractEntry package.json
55 silly gunzTarPerm extractEntry .npmignore
56 silly gunzTarPerm extractEntry README.md
57 silly gunzTarPerm extractEntry LICENSE
58 silly gunzTarPerm extractEntry index.js
59 silly gunzTarPerm extractEntry .travis.yml
60 silly gunzTarPerm extractEntry CONTRIBUTING.md
61 silly gunzTarPerm extractEntry test/test.js
62 silly gunzTarPerm extractEntry test/mocha.opts
63 silly lockFile 7f952a4e--modules-mongoose-auto-increment tar:///home/ubuntu/workspace/server/node_modules/mongoose-auto-increment
64 silly lockFile 7f952a4e--modules-mongoose-auto-increment tar:///home/ubuntu/workspace/server/node_modules/mongoose-auto-increment
65 silly lockFile 0fc10d34-auto-increment-4-0-0-package-tgz tar:///home/ubuntu/.npm/mongoose-auto-increment/4.0.0/package.tgz
66 silly lockFile 0fc10d34-auto-increment-4-0-0-package-tgz tar:///home/ubuntu/.npm/mongoose-auto-increment/4.0.0/package.tgz
67 info preinstall mongoose-auto-increment@4.0.0
68 verbose readDependencies using package.json deps
69 verbose readDependencies using package.json deps
70 verbose cache add [ 'extend@^2.0.0', null ]
71 verbose cache add name=undefined spec="extend@^2.0.0" args=["extend@^2.0.0",null]
72 verbose parsed url { protocol: null,
72 verbose parsed url   slashes: null,
72 verbose parsed url   auth: null,
72 verbose parsed url   host: null,
72 verbose parsed url   port: null,
72 verbose parsed url   hostname: null,
72 verbose parsed url   hash: null,
72 verbose parsed url   search: null,
72 verbose parsed url   query: null,
72 verbose parsed url   pathname: 'extend@^2.0.0',
72 verbose parsed url   path: 'extend@^2.0.0',
72 verbose parsed url   href: 'extend@^2.0.0' }
73 verbose cache add name="extend" spec="^2.0.0" args=["extend","^2.0.0"]
74 verbose parsed url { protocol: null,
74 verbose parsed url   slashes: null,
74 verbose parsed url   auth: null,
74 verbose parsed url   host: null,
74 verbose parsed url   port: null,
74 verbose parsed url   hostname: null,
74 verbose parsed url   hash: null,
74 verbose parsed url   search: null,
74 verbose parsed url   query: null,
74 verbose parsed url   pathname: '^2.0.0',
74 verbose parsed url   path: '^2.0.0',
74 verbose parsed url   href: '^2.0.0' }
75 verbose addNamed [ 'extend', '^2.0.0' ]
76 verbose addNamed [ null, '>=2.0.0-0 <3.0.0-0' ]
77 silly lockFile c49faa5d-extend-2-0-0 extend@^2.0.0
78 verbose lock extend@^2.0.0 /home/ubuntu/.npm/c49faa5d-extend-2-0-0.lock
79 silly addNameRange { name: 'extend', range: '>=2.0.0-0 <3.0.0-0', hasData: false }
80 verbose request where is /extend
81 verbose request registry https://registry.npmjs.org/
82 verbose url raw /extend
83 verbose url resolving [ 'https://registry.npmjs.org/', './extend' ]
84 verbose url resolved https://registry.npmjs.org/extend
85 verbose request where is https://registry.npmjs.org/extend
86 info trying registry request attempt 1 at 12:48:35
87 verbose etag "45R1SNLPKCV2JIDZCHTS8F2R4"
88 http GET https://registry.npmjs.org/extend
89 http 304 https://registry.npmjs.org/extend
90 silly registry.get cb [ 304,
90 silly registry.get   { date: 'Fri, 25 Sep 2015 12:48:35 GMT',
90 silly registry.get     via: '1.1 varnish',
90 silly registry.get     'cache-control': 'max-age=60',
90 silly registry.get     etag: '"45R1SNLPKCV2JIDZCHTS8F2R4"',
90 silly registry.get     age: '38',
90 silly registry.get     connection: 'keep-alive',
90 silly registry.get     'x-served-by': 'cache-ams4135-AMS',
90 silly registry.get     'x-cache': 'HIT',
90 silly registry.get     'x-cache-hits': '2',
90 silly registry.get     'x-timer': 'S1443185315.791792,VS0,VE0',
90 silly registry.get     vary: 'Accept' } ]
91 verbose etag https://registry.npmjs.org/extend from cache
92 silly addNameRange number 2 { name: 'extend', range: '>=2.0.0-0 <3.0.0-0', hasData: true }
93 silly addNameRange versions [ 'extend',
93 silly addNameRange   [ '1.0.0',
93 silly addNameRange     '1.1.0',
93 silly addNameRange     '1.1.1',
93 silly addNameRange     '1.1.3',
93 silly addNameRange     '1.2.0',
93 silly addNameRange     '1.2.1',
93 silly addNameRange     '1.3.0',
93 silly addNameRange     '2.0.0',
93 silly addNameRange     '2.0.1',
93 silly addNameRange     '3.0.0' ] ]
94 verbose addNamed [ 'extend', '2.0.1' ]
95 verbose addNamed [ '2.0.1', '2.0.1' ]
96 silly lockFile 6f1e8ae3-extend-2-0-1 extend@2.0.1
97 verbose lock extend@2.0.1 /home/ubuntu/.npm/6f1e8ae3-extend-2-0-1.lock
98 silly lockFile 6f1e8ae3-extend-2-0-1 extend@2.0.1
99 silly lockFile 6f1e8ae3-extend-2-0-1 extend@2.0.1
100 silly lockFile c49faa5d-extend-2-0-0 extend@^2.0.0
101 silly lockFile c49faa5d-extend-2-0-0 extend@^2.0.0
102 silly resolved [ { name: 'extend',
102 silly resolved     author:
102 silly resolved      { name: 'Stefan Thomas',
102 silly resolved        email: 'justmoon@members.fsf.org',
102 silly resolved        url: 'http://www.justmoon.net' },
102 silly resolved     version: '2.0.1',
102 silly resolved     description: 'Port of jQuery.extend for node.js and the browser',
102 silly resolved     main: 'index',
102 silly resolved     scripts:
102 silly resolved      { test: 'npm run lint && node test/index.js && npm run coverage-quiet',
102 silly resolved        coverage: 'covert test/index.js',
102 silly resolved        'coverage-quiet': 'covert test/index.js --quiet',
102 silly resolved        lint: 'jscs *.js */*.js' },
102 silly resolved     contributors: [ [Object] ],
102 silly resolved     keywords: [ 'extend', 'clone', 'merge' ],
102 silly resolved     repository:
102 silly resolved      { type: 'git',
102 silly resolved        url: 'git+https://github.com/justmoon/node-extend.git' },
102 silly resolved     dependencies: {},
102 silly resolved     devDependencies: { tape: '^4.0.0', covert: '^1.0.1', jscs: '^1.11.3' },
102 silly resolved     license: 'MIT',
102 silly resolved     gitHead: 'ce3790222d3d2051f728f74be9565f155ed599c3',
102 silly resolved     bugs: { url: 'https://github.com/justmoon/node-extend/issues' },
102 silly resolved     homepage: 'https://github.com/justmoon/node-extend#readme',
102 silly resolved     _id: 'extend@2.0.1',
102 silly resolved     _shasum: '1ee8010689e7395ff9448241c98652bc759a8260',
102 silly resolved     _from: 'extend@^2.0.0',
102 silly resolved     _npmVersion: '2.8.3',
102 silly resolved     _nodeVersion: '1.8.1',
102 silly resolved     _npmUser: { name: 'ljharb', email: 'ljharb@gmail.com' },
102 silly resolved     dist:
102 silly resolved      { shasum: '1ee8010689e7395ff9448241c98652bc759a8260',
102 silly resolved        tarball: 'http://registry.npmjs.org/extend/-/extend-2.0.1.tgz' },
102 silly resolved     maintainers: [ [Object], [Object] ],
102 silly resolved     directories: {},
102 silly resolved     _resolved: 'https://registry.npmjs.org/extend/-/extend-2.0.1.tgz',
102 silly resolved     readme: 'ERROR: No README data found!' } ]
103 info install extend@2.0.1 into /home/ubuntu/workspace/server/node_modules/mongoose-auto-increment
104 info installOne extend@2.0.1
105 verbose node_modules/mongoose-auto-increment/node_modules/extend unbuild
106 verbose tar unpack /home/ubuntu/.npm/extend/2.0.1/package.tgz
107 silly lockFile 750c20f7-to-increment-node-modules-extend tar:///home/ubuntu/workspace/server/node_modules/mongoose-auto-increment/node_modules/extend
108 verbose lock tar:///home/ubuntu/workspace/server/node_modules/mongoose-auto-increment/node_modules/extend /home/ubuntu/.npm/750c20f7-to-increment-node-modules-extend.lock
109 silly lockFile f816d243-ntu-npm-extend-2-0-1-package-tgz tar:///home/ubuntu/.npm/extend/2.0.1/package.tgz
110 verbose lock tar:///home/ubuntu/.npm/extend/2.0.1/package.tgz /home/ubuntu/.npm/f816d243-ntu-npm-extend-2-0-1-package-tgz.lock
111 silly gunzTarPerm modes [ '755', '644' ]
112 silly gunzTarPerm extractEntry package.json
113 silly gunzTarPerm extractEntry .npmignore
114 silly gunzTarPerm extractEntry README.md
115 silly gunzTarPerm extractEntry LICENSE
116 silly gunzTarPerm extractEntry index.js
117 silly gunzTarPerm extractEntry .jscs.json
118 silly gunzTarPerm extractEntry component.json
119 silly gunzTarPerm extractEntry .travis.yml
120 silly gunzTarPerm extractEntry CHANGELOG.md
121 silly lockFile 750c20f7-to-increment-node-modules-extend tar:///home/ubuntu/workspace/server/node_modules/mongoose-auto-increment/node_modules/extend
122 silly lockFile 750c20f7-to-increment-node-modules-extend tar:///home/ubuntu/workspace/server/node_modules/mongoose-auto-increment/node_modules/extend
123 silly lockFile f816d243-ntu-npm-extend-2-0-1-package-tgz tar:///home/ubuntu/.npm/extend/2.0.1/package.tgz
124 silly lockFile f816d243-ntu-npm-extend-2-0-1-package-tgz tar:///home/ubuntu/.npm/extend/2.0.1/package.tgz
125 info preinstall extend@2.0.1
126 verbose readDependencies using package.json deps
127 verbose readDependencies using package.json deps
128 silly resolved []
129 verbose about to build /home/ubuntu/workspace/server/node_modules/mongoose-auto-increment/node_modules/extend
130 info build /home/ubuntu/workspace/server/node_modules/mongoose-auto-increment/node_modules/extend
131 verbose linkStuff [ false,
131 verbose linkStuff   false,
131 verbose linkStuff   false,
131 verbose linkStuff   '/home/ubuntu/workspace/server/node_modules/mongoose-auto-increment/node_modules' ]
132 info linkStuff extend@2.0.1
133 verbose linkBins extend@2.0.1
134 verbose linkMans extend@2.0.1
135 verbose rebuildBundles extend@2.0.1
136 info install extend@2.0.1
137 info postinstall extend@2.0.1
138 verbose about to build /home/ubuntu/workspace/server/node_modules/mongoose-auto-increment
139 info build /home/ubuntu/workspace/server/node_modules/mongoose-auto-increment
140 verbose linkStuff [ false,
140 verbose linkStuff   false,
140 verbose linkStuff   false,
140 verbose linkStuff   '/home/ubuntu/workspace/server/node_modules' ]
141 info linkStuff mongoose-auto-increment@4.0.0
142 verbose linkBins mongoose-auto-increment@4.0.0
143 verbose linkMans mongoose-auto-increment@4.0.0
144 verbose rebuildBundles mongoose-auto-increment@4.0.0
145 verbose rebuildBundles [ 'extend' ]
146 info install mongoose-auto-increment@4.0.0
147 info postinstall mongoose-auto-increment@4.0.0
148 verbose readDependencies using package.json deps
149 verbose already installed skipping mongoose@~4.0.0 /home/ubuntu/workspace/server
150 silly resolved []
151 error peerinvalid The package mongoose does not satisfy its siblings' peerDependencies requirements!
151 error peerinvalid Peer mongoose-auto-increment@4.0.0 wants mongoose@~4.0.0
152 error System Linux 3.14.13-c9
153 error command "/home/ubuntu/.nvm/v0.10.35/bin/node" "/home/ubuntu/.nvm/v0.10.35/bin/npm" "install" "--save" "mongoose-auto-increment"
154 error cwd /home/ubuntu/workspace/server
155 error node -v v0.10.35
156 error npm -v 1.4.28
157 error code EPEERINVALID
158 verbose exit [ 1, true ]
